Configuring blaze-builder-0.4.1.0...
Building blaze-builder-0.4.1.0...
Preprocessing library blaze-builder-0.4.1.0...
[ 1 of 11] Compiling Blaze.ByteString.Builder.Internal.Write ( Blaze/ByteString/Builder/Internal/Write.hs, dist/dist-sandbox-8129852a/build/Blaze/ByteString/Builder/Internal/Write.o )

Blaze/ByteString/Builder/Internal/Write.hs:57:1: Warning:
    The import of ‘Data.Monoid’ is redundant
      except perhaps to import instances from ‘Data.Monoid’
    To import instances alone, use: import Data.Monoid()
[ 2 of 11] Compiling Blaze.ByteString.Builder.Compat.Write ( Blaze/ByteString/Builder/Compat/Write.hs, dist/dist-sandbox-8129852a/build/Blaze/ByteString/Builder/Compat/Write.o )
[ 3 of 11] Compiling Blaze.ByteString.Builder.Char.Utf8 ( Blaze/ByteString/Builder/Char/Utf8.hs, dist/dist-sandbox-8129852a/build/Blaze/ByteString/Builder/Char/Utf8.o )
[ 4 of 11] Compiling Blaze.ByteString.Builder.Char8 ( Blaze/ByteString/Builder/Char8.hs, dist/dist-sandbox-8129852a/build/Blaze/ByteString/Builder/Char8.o )
[ 5 of 11] Compiling Blaze.ByteString.Builder.Html.Word ( Blaze/ByteString/Builder/Html/Word.hs, dist/dist-sandbox-8129852a/build/Blaze/ByteString/Builder/Html/Word.o )
[ 6 of 11] Compiling Blaze.ByteString.Builder.Html.Utf8 ( Blaze/ByteString/Builder/Html/Utf8.hs, dist/dist-sandbox-8129852a/build/Blaze/ByteString/Builder/Html/Utf8.o )
[ 7 of 11] Compiling Blaze.ByteString.Builder.ByteString ( Blaze/ByteString/Builder/ByteString.hs, dist/dist-sandbox-8129852a/build/Blaze/ByteString/Builder/ByteString.o )
[ 8 of 11] Compiling Blaze.ByteString.Builder.HTTP ( Blaze/ByteString/Builder/HTTP.hs, dist/dist-sandbox-8129852a/build/Blaze/ByteString/Builder/HTTP.o )
[ 9 of 11] Compiling Blaze.ByteString.Builder.Word ( Blaze/ByteString/Builder/Word.hs, dist/dist-sandbox-8129852a/build/Blaze/ByteString/Builder/Word.o )
[10 of 11] Compiling Blaze.ByteString.Builder.Int ( Blaze/ByteString/Builder/Int.hs, dist/dist-sandbox-8129852a/build/Blaze/ByteString/Builder/Int.o )
[11 of 11] Compiling Blaze.ByteString.Builder ( Blaze/ByteString/Builder.hs, dist/dist-sandbox-8129852a/build/Blaze/ByteString/Builder.o )
In-place registering blaze-builder-0.4.1.0...
Creating package registration file:
/tmp/pkgConf-blaze-builder-0.4.116820852731662981776.0
Installing library in
/home/matheusms/PF/SegundaAvaliacaoFuncional/.cabal-sandbox/lib/x86_64-linux-ghc-7.10.3/blaze-builder-0.4.1.0-0OfcLaRENrdApwWtPefVMP
Registering blaze-builder-0.4.1.0...
