Configuring blaze-markup-0.8.2.1...
Building blaze-markup-0.8.2.1...
Preprocessing library blaze-markup-0.8.2.1...
[1 of 6] Compiling Text.Blaze.Internal ( src/Text/Blaze/Internal.hs, dist/dist-sandbox-8129852a/build/Text/Blaze/Internal.o )

src/Text/Blaze/Internal.hs:82:1: Warning:
    The import of ‘Control.Applicative’ is redundant
      except perhaps to import instances from ‘Control.Applicative’
    To import instances alone, use: import Control.Applicative()

src/Text/Blaze/Internal.hs:84:1: Warning:
    The import of ‘Data.Monoid’ is redundant
      except perhaps to import instances from ‘Data.Monoid’
    To import instances alone, use: import Data.Monoid()
[2 of 6] Compiling Text.Blaze.Renderer.String ( src/Text/Blaze/Renderer/String.hs, dist/dist-sandbox-8129852a/build/Text/Blaze/Renderer/String.o )
[3 of 6] Compiling Text.Blaze.Renderer.Pretty ( src/Text/Blaze/Renderer/Pretty.hs, dist/dist-sandbox-8129852a/build/Text/Blaze/Renderer/Pretty.o )
[4 of 6] Compiling Text.Blaze.Renderer.Text ( src/Text/Blaze/Renderer/Text.hs, dist/dist-sandbox-8129852a/build/Text/Blaze/Renderer/Text.o )

src/Text/Blaze/Renderer/Text.hs:15:1: Warning:
    The import of ‘Data.Monoid’ is redundant
      except perhaps to import instances from ‘Data.Monoid’
    To import instances alone, use: import Data.Monoid()
[5 of 6] Compiling Text.Blaze.Renderer.Utf8 ( src/Text/Blaze/Renderer/Utf8.hs, dist/dist-sandbox-8129852a/build/Text/Blaze/Renderer/Utf8.o )

src/Text/Blaze/Renderer/Utf8.hs:11:1: Warning:
    The import of ‘Data.Monoid’ is redundant
      except perhaps to import instances from ‘Data.Monoid’
    To import instances alone, use: import Data.Monoid()
[6 of 6] Compiling Text.Blaze       ( src/Text/Blaze.hs, dist/dist-sandbox-8129852a/build/Text/Blaze.o )

src/Text/Blaze.hs:92:1: Warning:
    The import of ‘Data.Monoid’ is redundant
      except perhaps to import instances from ‘Data.Monoid’
    To import instances alone, use: import Data.Monoid()

src/Text/Blaze.hs:93:1: Warning:
    The import of ‘Word’ from module ‘Data.Word’ is redundant
In-place registering blaze-markup-0.8.2.1...
Creating package registration file:
/tmp/pkgConf-blaze-markup-0.8.26534480361908518808.1
Installing library in
/home/matheusms/PF/SegundaAvaliacaoFuncional/.cabal-sandbox/lib/x86_64-linux-ghc-7.10.3/blaze-markup-0.8.2.1-AyTYmrdVKWj9KiicCNnoNO
Registering blaze-markup-0.8.2.1...
