Configuring mmorph-1.1.2...
Building mmorph-1.1.2...
Preprocessing library mmorph-1.1.2...
[1 of 2] Compiling Control.Monad.Morph ( src/Control/Monad/Morph.hs, dist/dist-sandbox-8129852a/build/Control/Monad/Morph.o )

src/Control/Monad/Morph.hs:80:1: Warning:
    Module ‘Control.Monad.Trans.Error’ is deprecated:
      Use Control.Monad.Trans.Except instead

src/Control/Monad/Morph.hs:119:20: Warning:
    In the use of type constructor or class ‘E.ErrorT’
    (imported from Control.Monad.Trans.Error):
    Deprecated: "Use Control.Monad.Trans.Except instead"

src/Control/Monad/Morph.hs:120:19: Warning:
    In the use of data constructor ‘E.ErrorT’
    (imported from Control.Monad.Trans.Error):
    Deprecated: "Use Control.Monad.Trans.Except instead"

src/Control/Monad/Morph.hs:120:34: Warning:
    In the use of ‘E.runErrorT’
    (imported from Control.Monad.Trans.Error):
    Deprecated: "Use Control.Monad.Trans.Except instead"

src/Control/Monad/Morph.hs:240:11: Warning:
    In the use of type constructor or class ‘E.Error’
    (imported from Control.Monad.Trans.Error):
    Deprecated: "Use Control.Monad.Trans.Except instead"

src/Control/Monad/Morph.hs:240:33: Warning:
    In the use of type constructor or class ‘E.ErrorT’
    (imported from Control.Monad.Trans.Error):
    Deprecated: "Use Control.Monad.Trans.Except instead"

src/Control/Monad/Morph.hs:241:17: Warning:
    In the use of data constructor ‘E.ErrorT’
    (imported from Control.Monad.Trans.Error):
    Deprecated: "Use Control.Monad.Trans.Except instead"

src/Control/Monad/Morph.hs:242:14: Warning:
    In the use of ‘E.runErrorT’
    (imported from Control.Monad.Trans.Error):
    Deprecated: "Use Control.Monad.Trans.Except instead"

src/Control/Monad/Morph.hs:242:30: Warning:
    In the use of ‘E.runErrorT’
    (imported from Control.Monad.Trans.Error):
    Deprecated: "Use Control.Monad.Trans.Except instead"
[2 of 2] Compiling Control.Monad.Trans.Compose ( src/Control/Monad/Trans/Compose.hs, dist/dist-sandbox-8129852a/build/Control/Monad/Trans/Compose.o )
In-place registering mmorph-1.1.2...
Creating package registration file:
/tmp/pkgConf-mmorph-1.15594129241884167637.2
Installing library in
/home/matheusms/PF/SegundaAvaliacaoFuncional/.cabal-sandbox/lib/x86_64-linux-ghc-7.10.3/mmorph-1.1.2-Cc9j197AetZ573bMOJVlSb
Registering mmorph-1.1.2...
