Configuring primitive-0.6.4.0...
Building primitive-0.6.4.0...
Preprocessing library primitive-0.6.4.0...
[ 1 of 15] Compiling Data.Primitive.Internal.Compat ( Data/Primitive/Internal/Compat.hs, dist/dist-sandbox-8129852a/build/Data/Primitive/Internal/Compat.o )
[ 2 of 15] Compiling Data.Primitive.MachDeps ( Data/Primitive/MachDeps.hs, dist/dist-sandbox-8129852a/build/Data/Primitive/MachDeps.o )
[ 3 of 15] Compiling Data.Primitive.Internal.Operations ( Data/Primitive/Internal/Operations.hs, dist/dist-sandbox-8129852a/build/Data/Primitive/Internal/Operations.o )
[ 4 of 15] Compiling Control.Monad.Primitive ( Control/Monad/Primitive.hs, dist/dist-sandbox-8129852a/build/Control/Monad/Primitive.o )
[ 5 of 15] Compiling Data.Primitive.Types ( Data/Primitive/Types.hs, dist/dist-sandbox-8129852a/build/Data/Primitive/Types.o )
[ 6 of 15] Compiling Data.Primitive.Array ( Data/Primitive/Array.hs, dist/dist-sandbox-8129852a/build/Data/Primitive/Array.o )
[ 7 of 15] Compiling Data.Primitive.ByteArray ( Data/Primitive/ByteArray.hs, dist/dist-sandbox-8129852a/build/Data/Primitive/ByteArray.o )
[ 8 of 15] Compiling Data.Primitive.Addr ( Data/Primitive/Addr.hs, dist/dist-sandbox-8129852a/build/Data/Primitive/Addr.o )
[ 9 of 15] Compiling Data.Primitive.SmallArray ( Data/Primitive/SmallArray.hs, dist/dist-sandbox-8129852a/build/Data/Primitive/SmallArray.o )
[10 of 15] Compiling Data.Primitive.PrimArray ( Data/Primitive/PrimArray.hs, dist/dist-sandbox-8129852a/build/Data/Primitive/PrimArray.o )

Data/Primitive/PrimArray.hs:104:1: Warning:
    The import of ‘Monoid’ from module ‘Data.Monoid’ is redundant
[11 of 15] Compiling Data.Primitive.MutVar ( Data/Primitive/MutVar.hs, dist/dist-sandbox-8129852a/build/Data/Primitive/MutVar.o )
[12 of 15] Compiling Data.Primitive.UnliftedArray ( Data/Primitive/UnliftedArray.hs, dist/dist-sandbox-8129852a/build/Data/Primitive/UnliftedArray.o )
[13 of 15] Compiling Data.Primitive   ( Data/Primitive.hs, dist/dist-sandbox-8129852a/build/Data/Primitive.o )
[14 of 15] Compiling Data.Primitive.Ptr ( Data/Primitive/Ptr.hs, dist/dist-sandbox-8129852a/build/Data/Primitive/Ptr.o )
[15 of 15] Compiling Data.Primitive.MVar ( Data/Primitive/MVar.hs, dist/dist-sandbox-8129852a/build/Data/Primitive/MVar.o )
In-place registering primitive-0.6.4.0...
Creating package registration file:
/tmp/pkgConf-primitive-0.6.4150122846439493451.0
Installing library in
/home/matheusms/PF/SegundaAvaliacaoFuncional/.cabal-sandbox/lib/x86_64-linux-ghc-7.10.3/primitive-0.6.4.0-2X6eh23tYcRINEISgGm5Vv
Registering primitive-0.6.4.0...
