Warning: scotty.cabal: Unknown fields: build-tool-depends (line 125)
Fields allowed in this section:
type, main-is, test-module, buildable, build-tools, build-depends,
cpp-options, cc-options, ld-options, pkgconfig-depends, frameworks,
c-sources, js-sources, default-language, other-languages,
default-extensions, other-extensions, extensions, extra-libraries,
extra-ghci-libraries, extra-lib-dirs, includes, install-includes,
include-dirs, hs-source-dirs, other-modules, ghc-prof-options,
ghcjs-prof-options, ghc-shared-options, ghcjs-shared-options,
ghc-options, ghcjs-options, jhc-options, hugs-options,
nhc98-options
Warning: scotty.cabal: Unknown fields: build-tool-depends (line 128)
Fields allowed in this section:
type, main-is, test-module, buildable, build-tools, build-depends,
cpp-options, cc-options, ld-options, pkgconfig-depends, frameworks,
c-sources, js-sources, default-language, other-languages,
default-extensions, other-extensions, extensions, extra-libraries,
extra-ghci-libraries, extra-lib-dirs, includes, install-includes,
include-dirs, hs-source-dirs, other-modules, ghc-prof-options,
ghcjs-prof-options, ghc-shared-options, ghcjs-shared-options,
ghc-options, ghcjs-options, jhc-options, hugs-options,
nhc98-options
Configuring scotty-0.11.2...
Building scotty-0.11.2...
Preprocessing library scotty-0.11.2...
[1 of 6] Compiling Web.Scotty.Internal.Types ( Web/Scotty/Internal/Types.hs, dist/dist-sandbox-8129852a/build/Web/Scotty/Internal/Types.o )
[2 of 6] Compiling Web.Scotty.Util  ( Web/Scotty/Util.hs, dist/dist-sandbox-8129852a/build/Web/Scotty/Util.o )
[3 of 6] Compiling Web.Scotty.Action ( Web/Scotty/Action.hs, dist/dist-sandbox-8129852a/build/Web/Scotty/Action.o )
[4 of 6] Compiling Web.Scotty.Route ( Web/Scotty/Route.hs, dist/dist-sandbox-8129852a/build/Web/Scotty/Route.o )
[5 of 6] Compiling Web.Scotty.Trans ( Web/Scotty/Trans.hs, dist/dist-sandbox-8129852a/build/Web/Scotty/Trans.o )
[6 of 6] Compiling Web.Scotty       ( Web/Scotty.hs, dist/dist-sandbox-8129852a/build/Web/Scotty.o )
In-place registering scotty-0.11.2...
Creating package registration file:
/tmp/pkgConf-scotty-0.1114731445001739000681.2
Installing library in
/home/matheusms/PF/SegundaAvaliacaoFuncional/.cabal-sandbox/lib/x86_64-linux-ghc-7.10.3/scotty-0.11.2-3Bwp8d4HKDN4UmlrscnNsx
Registering scotty-0.11.2...
