Configuring simple-sendfile-0.2.27...
Building simple-sendfile-0.2.27...
Preprocessing library simple-sendfile-0.2.27...
[1 of 4] Compiling Network.Sendfile.Types ( Network/Sendfile/Types.hs, dist/dist-sandbox-8129852a/build/Network/Sendfile/Types.o )
[2 of 4] Compiling Network.Sendfile.Linux ( dist/dist-sandbox-8129852a/build/Network/Sendfile/Linux.hs, dist/dist-sandbox-8129852a/build/Network/Sendfile/Linux.o )

Network/Sendfile/Linux.hsc:12:1: Warning:
    The import of ‘Control.Applicative’ is redundant
      except perhaps to import instances from ‘Control.Applicative’
    To import instances alone, use: import Control.Applicative()

Network/Sendfile/Linux.hsc:17:1: Warning:
    The import of ‘Data.Int’ is redundant
      except perhaps to import instances from ‘Data.Int’
    To import instances alone, use: import Data.Int()
[3 of 4] Compiling System.Linux.Sendfile ( System/Linux/Sendfile.hs, dist/dist-sandbox-8129852a/build/System/Linux/Sendfile.o )
[4 of 4] Compiling Network.Sendfile ( Network/Sendfile.hs, dist/dist-sandbox-8129852a/build/Network/Sendfile.o )
In-place registering simple-sendfile-0.2.27...
Creating package registration file:
/tmp/pkgConf-simple-sendfile-0.21592594701359512183.27
Installing library in
/home/matheusms/PF/SegundaAvaliacaoFuncional/.cabal-sandbox/lib/x86_64-linux-ghc-7.10.3/simple-sendfile-0.2.27-62RpsmpfJE7AiiTbjDMCsW
Registering simple-sendfile-0.2.27...
