Configuring uuid-types-1.0.3...
Building uuid-types-1.0.3...
Preprocessing library uuid-types-1.0.3...
[1 of 3] Compiling Data.UUID.Types.Internal.Builder ( Data/UUID/Types/Internal/Builder.hs, dist/dist-sandbox-8129852a/build/Data/UUID/Types/Internal/Builder.o )
[2 of 3] Compiling Data.UUID.Types.Internal ( Data/UUID/Types/Internal.hs, dist/dist-sandbox-8129852a/build/Data/UUID/Types/Internal.o )

Data/UUID/Types/Internal.hs:41:1: Warning:
    The import of ‘Control.Applicative’ is redundant
      except perhaps to import instances from ‘Control.Applicative’
    To import instances alone, use: import Control.Applicative()

Data/UUID/Types/Internal.hs:44:1: Warning:
    The import of ‘Data.Functor’ is redundant
      except perhaps to import instances from ‘Data.Functor’
    To import instances alone, use: import Data.Functor()
[3 of 3] Compiling Data.UUID.Types  ( Data/UUID/Types.hs, dist/dist-sandbox-8129852a/build/Data/UUID/Types.o )
In-place registering uuid-types-1.0.3...
Creating package registration file:
/tmp/pkgConf-uuid-types-1.08468111271414829150.3
Installing library in
/home/matheusms/PF/SegundaAvaliacaoFuncional/.cabal-sandbox/lib/x86_64-linux-ghc-7.10.3/uuid-types-1.0.3-CDVng0J8sV9Ki3PmxjXCJi
Registering uuid-types-1.0.3...
