Warning: wai.cabal: Unknown fields: build-tool-depends (line 45)
Fields allowed in this section:
type, main-is, test-module, buildable, build-tools, build-depends,
cpp-options, cc-options, ld-options, pkgconfig-depends, frameworks,
c-sources, js-sources, default-language, other-languages,
default-extensions, other-extensions, extensions, extra-libraries,
extra-ghci-libraries, extra-lib-dirs, includes, install-includes,
include-dirs, hs-source-dirs, other-modules, ghc-prof-options,
ghcjs-prof-options, ghc-shared-options, ghcjs-shared-options,
ghc-options, ghcjs-options, jhc-options, hugs-options,
nhc98-options
Configuring wai-3.2.1.2...
Building wai-3.2.1.2...
Preprocessing library wai-3.2.1.2...
[1 of 2] Compiling Network.Wai.Internal ( Network/Wai/Internal.hs, dist/dist-sandbox-8129852a/build/Network/Wai/Internal.o )
[2 of 2] Compiling Network.Wai      ( Network/Wai.hs, dist/dist-sandbox-8129852a/build/Network/Wai.o )
In-place registering wai-3.2.1.2...
Creating package registration file:
/tmp/pkgConf-wai-3.2.12557895281266235189.2
Installing library in
/home/matheusms/PF/SegundaAvaliacaoFuncional/.cabal-sandbox/lib/x86_64-linux-ghc-7.10.3/wai-3.2.1.2-CBChGmaFvwW14gwXpV8zMf
Registering wai-3.2.1.2...
