Configuring wai-extra-3.0.23.0...
Building wai-extra-3.0.23.0...
Preprocessing library wai-extra-3.0.23.0...
[ 1 of 31] Compiling Network.Wai.EventSource.EventStream ( Network/Wai/EventSource/EventStream.hs, dist/dist-sandbox-8129852a/build/Network/Wai/EventSource/EventStream.o )
[ 2 of 31] Compiling Network.Wai.EventSource ( Network/Wai/EventSource.hs, dist/dist-sandbox-8129852a/build/Network/Wai/EventSource.o )
[ 3 of 31] Compiling Network.Wai.Test.Internal ( Network/Wai/Test/Internal.hs, dist/dist-sandbox-8129852a/build/Network/Wai/Test/Internal.o )
[ 4 of 31] Compiling Network.Wai.Test ( Network/Wai/Test.hs, dist/dist-sandbox-8129852a/build/Network/Wai/Test.o )
[ 5 of 31] Compiling Network.Wai.UrlMap ( Network/Wai/UrlMap.hs, dist/dist-sandbox-8129852a/build/Network/Wai/UrlMap.o )
[ 6 of 31] Compiling Network.Wai.Middleware.Routed ( Network/Wai/Middleware/Routed.hs, dist/dist-sandbox-8129852a/build/Network/Wai/Middleware/Routed.o )
[ 7 of 31] Compiling Network.Wai.Middleware.StreamFile ( Network/Wai/Middleware/StreamFile.hs, dist/dist-sandbox-8129852a/build/Network/Wai/Middleware/StreamFile.o )
[ 8 of 31] Compiling Network.Wai.Middleware.HttpAuth ( Network/Wai/Middleware/HttpAuth.hs, dist/dist-sandbox-8129852a/build/Network/Wai/Middleware/HttpAuth.o )
[ 9 of 31] Compiling Network.Wai.Middleware.Vhost ( Network/Wai/Middleware/Vhost.hs, dist/dist-sandbox-8129852a/build/Network/Wai/Middleware/Vhost.o )
[10 of 31] Compiling Network.Wai.Middleware.StripHeaders ( Network/Wai/Middleware/StripHeaders.hs, dist/dist-sandbox-8129852a/build/Network/Wai/Middleware/StripHeaders.o )
[11 of 31] Compiling Network.Wai.Middleware.Rewrite ( Network/Wai/Middleware/Rewrite.hs, dist/dist-sandbox-8129852a/build/Network/Wai/Middleware/Rewrite.o )

Network/Wai/Middleware/Rewrite.hs:52:1: Warning:
    The import of ‘Control.Applicative’ is redundant
      except perhaps to import instances from ‘Control.Applicative’
    To import instances alone, use: import Control.Applicative()
[12 of 31] Compiling Network.Wai.Middleware.MethodOverridePost ( Network/Wai/Middleware/MethodOverridePost.hs, dist/dist-sandbox-8129852a/build/Network/Wai/Middleware/MethodOverridePost.o )
[13 of 31] Compiling Network.Wai.Middleware.MethodOverride ( Network/Wai/Middleware/MethodOverride.hs, dist/dist-sandbox-8129852a/build/Network/Wai/Middleware/MethodOverride.o )
[14 of 31] Compiling Network.Wai.Middleware.Jsonp ( Network/Wai/Middleware/Jsonp.hs, dist/dist-sandbox-8129852a/build/Network/Wai/Middleware/Jsonp.o )
[15 of 31] Compiling Network.Wai.Middleware.RequestLogger.Internal ( Network/Wai/Middleware/RequestLogger/Internal.hs, dist/dist-sandbox-8129852a/build/Network/Wai/Middleware/RequestLogger/Internal.o )
[16 of 31] Compiling Network.Wai.Parse ( Network/Wai/Parse.hs, dist/dist-sandbox-8129852a/build/Network/Wai/Parse.o )

Network/Wai/Parse.hs:64:1: Warning:
    The import of ‘Control.Applicative’ is redundant
      except perhaps to import instances from ‘Control.Applicative’
    To import instances alone, use: import Control.Applicative()
[17 of 31] Compiling Network.Wai.Middleware.Local ( Network/Wai/Middleware/Local.hs, dist/dist-sandbox-8129852a/build/Network/Wai/Middleware/Local.o )
[18 of 31] Compiling Network.Wai.Middleware.CleanPath ( Network/Wai/Middleware/CleanPath.hs, dist/dist-sandbox-8129852a/build/Network/Wai/Middleware/CleanPath.o )
[19 of 31] Compiling Network.Wai.Middleware.Autohead ( Network/Wai/Middleware/Autohead.hs, dist/dist-sandbox-8129852a/build/Network/Wai/Middleware/Autohead.o )
[20 of 31] Compiling Network.Wai.Request ( Network/Wai/Request.hs, dist/dist-sandbox-8129852a/build/Network/Wai/Request.o )
[21 of 31] Compiling Network.Wai.Middleware.ForceDomain ( Network/Wai/Middleware/ForceDomain.hs, dist/dist-sandbox-8129852a/build/Network/Wai/Middleware/ForceDomain.o )

Network/Wai/Middleware/ForceDomain.hs:7:1: Warning:
    The import of ‘mempty’ from module ‘Data.Monoid’ is redundant
[22 of 31] Compiling Network.Wai.Middleware.ForceSSL ( Network/Wai/Middleware/ForceSSL.hs, dist/dist-sandbox-8129852a/build/Network/Wai/Middleware/ForceSSL.o )
[23 of 31] Compiling Network.Wai.Middleware.Approot ( Network/Wai/Middleware/Approot.hs, dist/dist-sandbox-8129852a/build/Network/Wai/Middleware/Approot.o )
[24 of 31] Compiling Network.Wai.Middleware.AddHeaders ( Network/Wai/Middleware/AddHeaders.hs, dist/dist-sandbox-8129852a/build/Network/Wai/Middleware/AddHeaders.o )
[25 of 31] Compiling Network.Wai.Middleware.AcceptOverride ( Network/Wai/Middleware/AcceptOverride.hs, dist/dist-sandbox-8129852a/build/Network/Wai/Middleware/AcceptOverride.o )
[26 of 31] Compiling Network.Wai.Header ( Network/Wai/Header.hs, dist/dist-sandbox-8129852a/build/Network/Wai/Header.o )
[27 of 31] Compiling Network.Wai.Middleware.RequestLogger ( Network/Wai/Middleware/RequestLogger.hs, dist/dist-sandbox-8129852a/build/Network/Wai/Middleware/RequestLogger.o )

Network/Wai/Middleware/RequestLogger.hs:36:1: Warning:
    The import of ‘mconcat’ from module ‘Data.Monoid’ is redundant
[28 of 31] Compiling Network.Wai.Middleware.RequestLogger.JSON ( Network/Wai/Middleware/RequestLogger/JSON.hs, dist/dist-sandbox-8129852a/build/Network/Wai/Middleware/RequestLogger/JSON.o )

Network/Wai/Middleware/RequestLogger/JSON.hs:77:13: Warning:
    In the use of data constructor ‘SockAddrCan’
    (imported from Network.Socket, but defined in network-2.7.0.2:Network.Socket.Types):
    Deprecated: "This will be removed in 3.0"
[29 of 31] Compiling Network.Wai.Middleware.Gzip ( Network/Wai/Middleware/Gzip.hs, dist/dist-sandbox-8129852a/build/Network/Wai/Middleware/Gzip.o )
[30 of 31] Compiling Network.Wai.Handler.CGI ( Network/Wai/Handler/CGI.hs, dist/dist-sandbox-8129852a/build/Network/Wai/Handler/CGI.o )
[31 of 31] Compiling Network.Wai.Handler.SCGI ( Network/Wai/Handler/SCGI.hs, dist/dist-sandbox-8129852a/build/Network/Wai/Handler/SCGI.o )
In-place registering wai-extra-3.0.23.0...
Creating package registration file:
/tmp/pkgConf-wai-extra-3.0.23496060028828388027.0
Installing library in
/home/matheusms/PF/SegundaAvaliacaoFuncional/.cabal-sandbox/lib/x86_64-linux-ghc-7.10.3/wai-extra-3.0.23.0-AS24sF5KDPIDkeM8Xznpra
Registering wai-extra-3.0.23.0...
